<?xml version="1.0" encoding="UTF-8"?>
<testsuite name="by.berdysh.java_course.sandbox.PrimeTests" tests="2" skipped="0" failures="0" errors="0" timestamp="2019-06-09T14:11:16" hostname="HEL00694" time="0.0">
  <properties/>
  <testcase name="testNonPrime" classname="by.berdysh.java_course.sandbox.PrimeTests" time="0.0"/>
  <testcase name="testPrime" classname="by.berdysh.java_course.sandbox.PrimeTests" time="0.0"/>
  <system-out><![CDATA[]]></system-out>
  <system-err><![CDATA[]]></system-err>
</testsuite>
