<?xml version="1.0" encoding="UTF-8"?>
<testsuite name="by.berdysh.java_course.sandbox.PointTests" tests="2" skipped="0" failures="0" errors="0" timestamp="2019-06-09T14:11:16" hostname="HEL00694" time="0.0">
  <properties/>
  <testcase name="testDistance1" classname="by.berdysh.java_course.sandbox.PointTests" time="0.0"/>
  <testcase name="testDistance2" classname="by.berdysh.java_course.sandbox.PointTests" time="0.0"/>
  <system-out><![CDATA[]]></system-out>
  <system-err><![CDATA[]]></system-err>
</testsuite>
