<?xml version="1.0" encoding="UTF-8"?>
<testsuite name="by.berdysh.java_course.addressbok.tests.ContactDeletionTests" tests="1" skipped="0" failures="0" errors="0" timestamp="2019-05-17T20:37:30" hostname="HEL00694" time="1.031">
  <properties/>
  <testcase name="testContactDeletion" classname="by.berdysh.java_course.addressbok.tests.ContactDeletionTests" time="1.031"/>
  <system-out><![CDATA[]]></system-out>
  <system-err><![CDATA[]]></system-err>
</testsuite>
